[ 2015-05-06T14:50:54+08:00 ] 127.0.0.1 /Index/Config/showDbConfig
ERR: SQLSTATE[HY000] [2002] No such file or directory

[ 2015-05-06T14:52:28+08:00 ] 127.0.0.1 /Index/Config/showDbConfig
ERR: SQLSTATE[42S22]: Column not found: 1054 Unknown column 'wolaiwan' in 'where clause'

[ 2015-05-06T21:26:51+08:00 ] 127.0.0.1 /Index/Public/getSession
INFO: [ app_begin ] --START--
INFO: Run Behavior\ReadHtmlCacheBehavior [ RunTime:0.000225s ]
INFO: [ app_begin ] --END-- [ RunTime:0.000415s ]

[ 2015-05-06T21:27:50+08:00 ] 127.0.0.1 /Index/Public/getSession
INFO: [ app_begin ] --START--
INFO: Run Behavior\ReadHtmlCacheBehavior [ RunTime:0.000250s ]
INFO: [ app_begin ] --END-- [ RunTime:0.000457s ]

[ 2015-05-06T21:28:26+08:00 ] 127.0.0.1 /Index/Public/getSession
INFO: [ app_begin ] --START--
INFO: Run Behavior\ReadHtmlCacheBehavior [ RunTime:0.000254s ]
INFO: [ app_begin ] --END-- [ RunTime:0.000478s ]
NOTIC: [8] Use of undefined constant msg - assumed 'msg' /Library/WebServer/Documents/ShouYouWeb/WebRoot/Index/Controller/PublicController.class.php 第 22 行.
ERR: SQLSTATE[HY000] [2002] No such file or directory

[ 2015-05-06T21:28:48+08:00 ] 127.0.0.1 /Index/Public/getSession
ERR: SQLSTATE[HY000] [2002] No such file or directory

[ 2015-05-06T21:29:16+08:00 ] 127.0.0.1 /Index/Public/getSession
INFO: [ app_begin ] --START--
INFO: Run Behavior\ReadHtmlCacheBehavior [ RunTime:0.000237s ]
INFO: [ app_begin ] --END-- [ RunTime:0.000440s ]
NOTIC: [8] Use of undefined constant msg - assumed 'msg' /Library/WebServer/Documents/ShouYouWeb/WebRoot/Index/Controller/PublicController.class.php 第 22 行.
SQL: SELECT * FROM `youlu_users` WHERE ( user_name='wolaiwan' ) LIMIT 1   [ RunTime:0.0003s ]

[ 2015-05-06T21:29:40+08:00 ] 127.0.0.1 /Index/Public/getSession
INFO: [ app_begin ] --START--
INFO: Run Behavior\ReadHtmlCacheBehavior [ RunTime:0.000271s ]
INFO: [ app_begin ] --END-- [ RunTime:0.000503s ]
NOTIC: [8] Use of undefined constant msg - assumed 'msg' /Library/WebServer/Documents/ShouYouWeb/WebRoot/Index/Controller/PublicController.class.php 第 22 行.
SQL: SELECT * FROM `youlu_users` WHERE ( user_name='wolaiwan' ) LIMIT 1   [ RunTime:0.0003s ]

[ 2015-05-06T21:30:01+08:00 ] 127.0.0.1 /Index/Public/getSession
INFO: [ app_begin ] --START--
INFO: Run Behavior\ReadHtmlCacheBehavior [ RunTime:0.000230s ]
INFO: [ app_begin ] --END-- [ RunTime:0.000423s ]
NOTIC: [8] Use of undefined constant msg - assumed 'msg' /Library/WebServer/Documents/ShouYouWeb/WebRoot/Index/Controller/PublicController.class.php 第 22 行.
SQL: SELECT * FROM `youlu_users` WHERE ( user_name='wolaiwan' ) LIMIT 1   [ RunTime:0.0003s ]

[ 2015-05-06T21:30:41+08:00 ] 127.0.0.1 /Index/Public/getSession
INFO: [ app_begin ] --START--
INFO: Run Behavior\ReadHtmlCacheBehavior [ RunTime:0.000220s ]
INFO: [ app_begin ] --END-- [ RunTime:0.000407s ]
SQL: SELECT * FROM `youlu_users` WHERE ( user_name='wolaiwan' ) LIMIT 1   [ RunTime:0.0003s ]

[ 2015-05-06T21:31:10+08:00 ] 127.0.0.1 /Index/Public/getSession
INFO: [ app_begin ] --START--
INFO: Run Behavior\ReadHtmlCacheBehavior [ RunTime:0.000250s ]
INFO: [ app_begin ] --END-- [ RunTime:0.000468s ]
SQL: SELECT * FROM `youlu_users` WHERE ( user_name='wolaiwan' ) LIMIT 1   [ RunTime:0.0003s ]

[ 2015-05-06T21:31:12+08:00 ] 127.0.0.1 /Index/Public/getSession
INFO: [ app_begin ] --START--
INFO: Run Behavior\ReadHtmlCacheBehavior [ RunTime:0.000234s ]
INFO: [ app_begin ] --END-- [ RunTime:0.000427s ]
SQL: SELECT * FROM `youlu_users` WHERE ( user_name='wolaiwan' ) LIMIT 1   [ RunTime:0.0002s ]

[ 2015-05-06T21:33:30+08:00 ] 127.0.0.1 /Index/Public/getSession
INFO: [ app_begin ] --START--
INFO: Run Behavior\ReadHtmlCacheBehavior [ RunTime:0.000317s ]
INFO: [ app_begin ] --END-- [ RunTime:0.000517s ]
SQL: SELECT * FROM `youlu_users` WHERE ( user_name='wolaiwan' ) LIMIT 1   [ RunTime:0.0003s ]

[ 2015-05-06T21:34:57+08:00 ] 127.0.0.1 /Index/Public/getSession
INFO: [ app_begin ] --START--
INFO: Run Behavior\ReadHtmlCacheBehavior [ RunTime:0.000228s ]
INFO: [ app_begin ] --END-- [ RunTime:0.000419s ]
SQL: SELECT * FROM `youlu_users` WHERE ( user_name='wolaiwan' ) LIMIT 1   [ RunTime:0.0003s ]

[ 2015-05-06T21:40:11+08:00 ] 127.0.0.1 /Index/Public/getSession
INFO: [ app_begin ] --START--
INFO: Run Behavior\ReadHtmlCacheBehavior [ RunTime:0.000419s ]
INFO: [ app_begin ] --END-- [ RunTime:0.000731s ]
SQL: SELECT * FROM `youlu_users` WHERE ( user_name='wolaiwan' ) LIMIT 1   [ RunTime:0.0002s ]

[ 2015-05-06T21:41:14+08:00 ] 127.0.0.1 /Index/Public/getSession
INFO: [ app_begin ] --START--
INFO: Run Behavior\ReadHtmlCacheBehavior [ RunTime:0.000229s ]
INFO: [ app_begin ] --END-- [ RunTime:0.000421s ]
SQL: SELECT * FROM `youlu_users` WHERE ( user_name='wolaiwan' ) LIMIT 1   [ RunTime:0.0002s ]

[ 2015-05-06T21:41:52+08:00 ] 127.0.0.1 /Index/Public/getSession
INFO: [ app_begin ] --START--
INFO: Run Behavior\ReadHtmlCacheBehavior [ RunTime:0.000227s ]
INFO: [ app_begin ] --END-- [ RunTime:0.000419s ]
SQL: SELECT * FROM `youlu_users` WHERE ( user_name='wolaiwan' ) LIMIT 1   [ RunTime:0.0003s ]

[ 2015-05-06T21:42:40+08:00 ] 127.0.0.1 /Index/Public/getSession
INFO: [ app_begin ] --START--
INFO: Run Behavior\ReadHtmlCacheBehavior [ RunTime:0.000261s ]
INFO: [ app_begin ] --END-- [ RunTime:0.000513s ]
SQL: SELECT * FROM `youlu_users` WHERE ( user_name='wolaiwan' ) LIMIT 1   [ RunTime:0.0003s ]

[ 2015-05-06T21:43:10+08:00 ] 127.0.0.1 /Index/Public/getSession
INFO: [ app_begin ] --START--
INFO: Run Behavior\ReadHtmlCacheBehavior [ RunTime:0.000229s ]
INFO: [ app_begin ] --END-- [ RunTime:0.000420s ]
SQL: SELECT * FROM `youlu_users` WHERE ( user_name='wolaiwan' ) LIMIT 1   [ RunTime:0.0003s ]

[ 2015-05-06T21:43:47+08:00 ] 127.0.0.1 /Index/Public/getSession
INFO: [ app_begin ] --START--
INFO: Run Behavior\ReadHtmlCacheBehavior [ RunTime:0.000246s ]
INFO: [ app_begin ] --END-- [ RunTime:0.000453s ]
SQL: SELECT * FROM `youlu_users` WHERE ( user_name='wolaiwan' ) LIMIT 1   [ RunTime:0.0003s ]

[ 2015-05-06T21:45:39+08:00 ] 127.0.0.1 /Index/Public/getSession
INFO: [ app_begin ] --START--
INFO: Run Behavior\ReadHtmlCacheBehavior [ RunTime:0.000248s ]
INFO: [ app_begin ] --END-- [ RunTime:0.000435s ]
SQL: SELECT * FROM `youlu_users` WHERE ( user_name='wolaiwan' ) LIMIT 1   [ RunTime:0.0003s ]

[ 2015-05-06T21:49:11+08:00 ] 127.0.0.1 /Index/Public/getSession
INFO: [ app_begin ] --START--
INFO: Run Behavior\ReadHtmlCacheBehavior [ RunTime:0.000224s ]
INFO: [ app_begin ] --END-- [ RunTime:0.000410s ]
SQL: SELECT * FROM `youlu_users` WHERE ( user_name='wolaiwan' ) LIMIT 1   [ RunTime:0.0002s ]

[ 2015-05-06T21:49:52+08:00 ] 127.0.0.1 /Index/Public/getSession
INFO: [ app_begin ] --START--
INFO: Run Behavior\ReadHtmlCacheBehavior [ RunTime:0.000225s ]
INFO: [ app_begin ] --END-- [ RunTime:0.000413s ]
SQL: SELECT * FROM `youlu_users` WHERE ( user_name='wolaiwan' ) LIMIT 1   [ RunTime:0.0003s ]

[ 2015-05-06T21:50:10+08:00 ] 127.0.0.1 /Index/Public/getSession
INFO: [ app_begin ] --START--
INFO: Run Behavior\ReadHtmlCacheBehavior [ RunTime:0.000242s ]
INFO: [ app_begin ] --END-- [ RunTime:0.000447s ]
SQL: SELECT * FROM `youlu_users` WHERE ( user_name='wolaiwan' ) LIMIT 1   [ RunTime:0.0003s ]

[ 2015-05-06T21:50:37+08:00 ] 127.0.0.1 /Index/Public/getSession
INFO: [ app_begin ] --START--
INFO: Run Behavior\ReadHtmlCacheBehavior [ RunTime:0.000398s ]
INFO: [ app_begin ] --END-- [ RunTime:0.000738s ]
SQL: SELECT * FROM `youlu_users` WHERE ( user_name='wolaiwan' ) LIMIT 1   [ RunTime:0.0003s ]

[ 2015-05-06T21:50:51+08:00 ] 127.0.0.1 /Index/Public/getSession
INFO: [ app_begin ] --START--
INFO: Run Behavior\ReadHtmlCacheBehavior [ RunTime:0.000225s ]
INFO: [ app_begin ] --END-- [ RunTime:0.000415s ]
SQL: SELECT * FROM `youlu_users` WHERE ( user_name='wolaiwan' ) LIMIT 1   [ RunTime:0.0002s ]

[ 2015-05-06T21:51:08+08:00 ] 127.0.0.1 /Index/Public/getSession
INFO: [ app_begin ] --START--
INFO: Run Behavior\ReadHtmlCacheBehavior [ RunTime:0.000261s ]
INFO: [ app_begin ] --END-- [ RunTime:0.000488s ]
SQL: SELECT * FROM `youlu_users` WHERE ( user_name='wolaiwan' ) LIMIT 1   [ RunTime:0.0003s ]

[ 2015-05-06T21:51:33+08:00 ] 127.0.0.1 /Index/Public/getSession
INFO: [ app_begin ] --START--
INFO: Run Behavior\ReadHtmlCacheBehavior [ RunTime:0.000246s ]
INFO: [ app_begin ] --END-- [ RunTime:0.000466s ]
SQL: SELECT * FROM `youlu_users` WHERE ( user_name='wolaiwan' ) LIMIT 1   [ RunTime:0.0003s ]

[ 2015-05-06T21:52:01+08:00 ] 127.0.0.1 /Index/Public/getSession
INFO: [ app_begin ] --START--
INFO: Run Behavior\ReadHtmlCacheBehavior [ RunTime:0.000247s ]
INFO: [ app_begin ] --END-- [ RunTime:0.000471s ]
SQL: SELECT * FROM `youlu_users` WHERE ( user_name='wolaiwan' ) LIMIT 1   [ RunTime:0.0003s ]

[ 2015-05-06T21:53:00+08:00 ] 127.0.0.1 /Index/Public/getSession
INFO: [ app_begin ] --START--
INFO: Run Behavior\ReadHtmlCacheBehavior [ RunTime:0.000451s ]
INFO: [ app_begin ] --END-- [ RunTime:0.000829s ]
SQL: SELECT * FROM `youlu_users` WHERE ( user_name='wolaiwan' ) LIMIT 1   [ RunTime:0.0003s ]

[ 2015-05-06T21:53:20+08:00 ] 127.0.0.1 /Index/Public/getSession
INFO: [ app_begin ] --START--
INFO: Run Behavior\ReadHtmlCacheBehavior [ RunTime:0.000222s ]
INFO: [ app_begin ] --END-- [ RunTime:0.000440s ]
SQL: SELECT * FROM `youlu_users` WHERE ( user_name='wolaiwan' ) LIMIT 1   [ RunTime:0.0003s ]

[ 2015-05-06T21:53:24+08:00 ] 127.0.0.1 /Index/Public/getSession
INFO: [ app_begin ] --START--
INFO: Run Behavior\ReadHtmlCacheBehavior [ RunTime:0.000384s ]
INFO: [ app_begin ] --END-- [ RunTime:0.000657s ]
SQL: SELECT * FROM `youlu_users` WHERE ( user_name='wolaiwan' ) LIMIT 1   [ RunTime:0.0003s ]

[ 2015-05-06T21:54:05+08:00 ] 127.0.0.1 /Index/Public/getSession
INFO: [ app_begin ] --START--
INFO: Run Behavior\ReadHtmlCacheBehavior [ RunTime:0.000224s ]
INFO: [ app_begin ] --END-- [ RunTime:0.000410s ]
SQL: SELECT * FROM `youlu_users` WHERE ( user_name='wolaiwan' ) LIMIT 1   [ RunTime:0.0003s ]

[ 2015-05-06T21:55:56+08:00 ] 127.0.0.1 /Index/Public/getSession
INFO: [ app_begin ] --START--
INFO: Run Behavior\ReadHtmlCacheBehavior [ RunTime:0.000246s ]
INFO: [ app_begin ] --END-- [ RunTime:0.000453s ]
SQL: SELECT * FROM `youlu_users` WHERE ( user_name='wolaiwan' ) LIMIT 1   [ RunTime:0.0003s ]

[ 2015-05-06T22:00:31+08:00 ] 127.0.0.1 /Index/Public/getSession
INFO: [ app_begin ] --START--
INFO: Run Behavior\ReadHtmlCacheBehavior [ RunTime:0.000224s ]
INFO: [ app_begin ] --END-- [ RunTime:0.000413s ]
SQL: SELECT * FROM `youlu_users` WHERE ( user_name='wolaiwan' ) LIMIT 1   [ RunTime:0.0002s ]

[ 2015-05-06T22:00:58+08:00 ] 127.0.0.1 /Index/Public/getSession
INFO: [ app_begin ] --START--
INFO: Run Behavior\ReadHtmlCacheBehavior [ RunTime:0.000244s ]
INFO: [ app_begin ] --END-- [ RunTime:0.000487s ]
SQL: SELECT * FROM `youlu_users` WHERE ( user_name='wolaiwan' ) LIMIT 1   [ RunTime:0.0003s ]

[ 2015-05-06T22:01:13+08:00 ] 127.0.0.1 /Index/Public/getSession
INFO: [ app_begin ] --START--
INFO: Run Behavior\ReadHtmlCacheBehavior [ RunTime:0.000273s ]
INFO: [ app_begin ] --END-- [ RunTime:0.000481s ]
SQL: SELECT * FROM `youlu_users` WHERE ( user_name='wolaiwan' ) LIMIT 1   [ RunTime:0.0003s ]

[ 2015-05-06T22:01:22+08:00 ] 127.0.0.1 /Index/Public/getSession
INFO: [ app_begin ] --START--
INFO: Run Behavior\ReadHtmlCacheBehavior [ RunTime:0.000242s ]
INFO: [ app_begin ] --END-- [ RunTime:0.000429s ]
SQL: SELECT * FROM `youlu_users` WHERE ( user_name='wolaiwan' ) LIMIT 1   [ RunTime:0.0002s ]

