[ 2015-05-07T12:08:51+08:00 ] 127.0.0.1 /Index/Public/getSession
INFO: [ app_begin ] --START--
INFO: Run Behavior\ReadHtmlCacheBehavior [ RunTime:0.000262s ]
INFO: [ app_begin ] --END-- [ RunTime:0.000507s ]
ERR: SQLSTATE[HY000] [2002] No such file or directory

[ 2015-05-07T12:09:02+08:00 ] 127.0.0.1 /Index/Users/userlist
ERR: SQLSTATE[HY000] [2002] No such file or directory

[ 2015-05-07T12:09:33+08:00 ] 127.0.0.1 /Index/Users/%7B:U('/Min/index?g=js%27)}
ERR: 非法操作:{:U('

[ 2015-05-07T12:30:54+08:00 ] 127.0.0.1 /Index/Public/getSession
INFO: [ app_begin ] --START--
INFO: Run Behavior\ReadHtmlCacheBehavior [ RunTime:0.000878s ]
INFO: [ app_begin ] --END-- [ RunTime:0.001715s ]
SQL: SELECT * FROM `youlu_users` WHERE ( user_name='wolaiwan' ) LIMIT 1   [ RunTime:0.0016s ]

[ 2015-05-07T12:44:15+08:00 ] 127.0.0.1 /Index/Public/getSession
INFO: [ app_begin ] --START--
INFO: Run Behavior\ReadHtmlCacheBehavior [ RunTime:0.000233s ]
INFO: [ app_begin ] --END-- [ RunTime:0.000428s ]
SQL: SELECT * FROM `youlu_users` WHERE ( user_name='wolaiwan' ) LIMIT 1   [ RunTime:0.0003s ]

[ 2015-05-07T12:44:36+08:00 ] 127.0.0.1 /Index/Public/getSession
INFO: [ app_begin ] --START--
INFO: Run Behavior\ReadHtmlCacheBehavior [ RunTime:0.000268s ]
INFO: [ app_begin ] --END-- [ RunTime:0.000571s ]
SQL: SELECT * FROM `youlu_users` WHERE ( user_name='wolaiwan' ) LIMIT 1   [ RunTime:0.0003s ]

[ 2015-05-07T12:44:53+08:00 ] 127.0.0.1 /Index/Public/getSession
INFO: [ app_begin ] --START--
INFO: Run Behavior\ReadHtmlCacheBehavior [ RunTime:0.000250s ]
INFO: [ app_begin ] --END-- [ RunTime:0.000444s ]
SQL: SELECT * FROM `youlu_users` WHERE ( user_name='wolaiwan' ) LIMIT 1   [ RunTime:0.0003s ]

[ 2015-05-07T12:47:09+08:00 ] 127.0.0.1 /Index/Public/getSession
INFO: [ app_begin ] --START--
INFO: Run Behavior\ReadHtmlCacheBehavior [ RunTime:0.000241s ]
INFO: [ app_begin ] --END-- [ RunTime:0.000447s ]
SQL: SELECT * FROM `youlu_users` WHERE ( user_name='wolaiwan' ) LIMIT 1   [ RunTime:0.0006s ]

[ 2015-05-07T12:47:48+08:00 ] 127.0.0.1 /Index/Public/getSession
INFO: [ app_begin ] --START--
INFO: Run Behavior\ReadHtmlCacheBehavior [ RunTime:0.000279s ]
INFO: [ app_begin ] --END-- [ RunTime:0.000503s ]
SQL: SELECT * FROM `youlu_users` WHERE ( user_name='wolaiwan' ) LIMIT 1   [ RunTime:0.0002s ]

[ 2015-05-07T12:49:07+08:00 ] 127.0.0.1 /Index/Public/getSession
INFO: [ app_begin ] --START--
INFO: Run Behavior\ReadHtmlCacheBehavior [ RunTime:0.000255s ]
INFO: [ app_begin ] --END-- [ RunTime:0.000463s ]
SQL: SELECT * FROM `youlu_users` WHERE ( user_name='wolaiwan' ) LIMIT 1   [ RunTime:0.0003s ]

[ 2015-05-07T20:31:31+08:00 ] 127.0.0.1 /Index/Public/getSession
INFO: [ app_begin ] --START--
INFO: Run Behavior\ReadHtmlCacheBehavior [ RunTime:0.000247s ]
INFO: [ app_begin ] --END-- [ RunTime:0.000451s ]
SQL: SELECT * FROM `youlu_users` WHERE ( user_name='wolaiwan' ) LIMIT 1   [ RunTime:0.0002s ]

[ 2015-05-07T20:36:39+08:00 ] 127.0.0.1 /Index/Public/getSession
INFO: [ app_begin ] --START--
INFO: Run Behavior\ReadHtmlCacheBehavior [ RunTime:0.000251s ]
INFO: [ app_begin ] --END-- [ RunTime:0.000462s ]
SQL: SELECT * FROM `youlu_users` WHERE ( user_name='wolaiwan' ) LIMIT 1   [ RunTime:0.0002s ]

[ 2015-05-07T21:01:45+08:00 ] 127.0.0.1 /Index/Public/getSession
INFO: [ app_begin ] --START--
INFO: Run Behavior\ReadHtmlCacheBehavior [ RunTime:0.000262s ]
INFO: [ app_begin ] --END-- [ RunTime:0.000497s ]
SQL: SELECT * FROM `youlu_users` WHERE ( user_name='wolaiwan' ) LIMIT 1   [ RunTime:0.0002s ]

[ 2015-05-07T21:15:49+08:00 ] 127.0.0.1 /Index/Public/getSession
INFO: [ app_begin ] --START--
INFO: Run Behavior\ReadHtmlCacheBehavior [ RunTime:0.000415s ]
INFO: [ app_begin ] --END-- [ RunTime:0.000715s ]
SQL: SELECT * FROM `youlu_users` WHERE ( user_name='wolaiwan' ) LIMIT 1   [ RunTime:0.0002s ]

[ 2015-05-07T21:15:50+08:00 ] 127.0.0.1 /Index/Public/getSession
INFO: [ app_begin ] --START--
INFO: Run Behavior\ReadHtmlCacheBehavior [ RunTime:0.000267s ]
INFO: [ app_begin ] --END-- [ RunTime:0.000583s ]
SQL: SELECT * FROM `youlu_users` WHERE ( user_name='wolaiwan' ) LIMIT 1   [ RunTime:0.0002s ]

[ 2015-05-07T23:25:31+08:00 ] 127.0.0.1 /Index/Public/getSession
INFO: [ app_begin ] --START--
INFO: Run Behavior\ReadHtmlCacheBehavior [ RunTime:0.000255s ]
INFO: [ app_begin ] --END-- [ RunTime:0.000471s ]
SQL: SELECT * FROM `youlu_users` WHERE ( user_name='wolaiwan' ) LIMIT 1   [ RunTime:0.0003s ]

