[ 2015-05-05T18:36:44+08:00 ] 127.0.0.1 /Index/Index/webmember.action?method=getsession
INFO: [ app_begin ] --START--
INFO: Run Behavior\ReadHtmlCacheBehavior [ RunTime:0.000655s ]
INFO: [ app_begin ] --END-- [ RunTime:0.001565s ]
ERR: 非法操作:webmember.action

[ 2015-05-05T18:36:54+08:00 ] 127.0.0.1 /Index/Index/webmember.action?method=getsession
INFO: [ app_begin ] --START--
INFO: Run Behavior\ReadHtmlCacheBehavior [ RunTime:0.000341s ]
INFO: [ app_begin ] --END-- [ RunTime:0.000647s ]
ERR: 非法操作:webmember.action

[ 2015-05-05T18:37:42+08:00 ] 127.0.0.1 /Index/Index/webmember.action?method=getsession
INFO: [ app_begin ] --START--
INFO: Run Behavior\ReadHtmlCacheBehavior [ RunTime:0.000651s ]
INFO: [ app_begin ] --END-- [ RunTime:0.001144s ]
ERR: 非法操作:webmember.action

[ 2015-05-05T18:40:24+08:00 ] 127.0.0.1 /Index/Index/webmember.action?method=getsession
INFO: [ app_begin ] --START--
INFO: Run Behavior\ReadHtmlCacheBehavior [ RunTime:0.000236s ]
INFO: [ app_begin ] --END-- [ RunTime:0.000436s ]
ERR: 非法操作:webmember.action

[ 2015-05-05T18:42:00+08:00 ] 127.0.0.1 /Index/Index/webmember.action?method=getsession
INFO: [ app_begin ] --START--
INFO: Run Behavior\ReadHtmlCacheBehavior [ RunTime:0.000248s ]
INFO: [ app_begin ] --END-- [ RunTime:0.000448s ]
ERR: 非法操作:webmember.action

[ 2015-05-05T19:52:55+08:00 ] 127.0.0.1 /Index/Index/webmember.action?method=getsession
INFO: [ app_begin ] --START--
INFO: Run Behavior\ReadHtmlCacheBehavior [ RunTime:0.000246s ]
INFO: [ app_begin ] --END-- [ RunTime:0.000447s ]
ERR: 非法操作:webmember.action

[ 2015-05-05T19:53:41+08:00 ] 127.0.0.1 /Index/Index/webmember.action?method=getsession
INFO: [ app_begin ] --START--
INFO: Run Behavior\ReadHtmlCacheBehavior [ RunTime:0.000393s ]
INFO: [ app_begin ] --END-- [ RunTime:0.000730s ]
ERR: 非法操作:webmember.action

[ 2015-05-05T19:53:44+08:00 ] 127.0.0.1 /Index/Index/webmember.action?method=getsession
INFO: [ app_begin ] --START--
INFO: Run Behavior\ReadHtmlCacheBehavior [ RunTime:0.000283s ]
INFO: [ app_begin ] --END-- [ RunTime:0.000494s ]
ERR: 非法操作:webmember.action

[ 2015-05-05T19:53:48+08:00 ] 127.0.0.1 /Index/Index/webmember.action?method=getsession
INFO: [ app_begin ] --START--
INFO: Run Behavior\ReadHtmlCacheBehavior [ RunTime:0.000327s ]
INFO: [ app_begin ] --END-- [ RunTime:0.000631s ]
ERR: 非法操作:webmember.action

[ 2015-05-05T19:53:51+08:00 ] 127.0.0.1 /Index/Index/webmember.action?method=getsession
INFO: [ app_begin ] --START--
INFO: Run Behavior\ReadHtmlCacheBehavior [ RunTime:0.000284s ]
INFO: [ app_begin ] --END-- [ RunTime:0.000534s ]
ERR: 非法操作:webmember.action

[ 2015-05-05T21:19:31+08:00 ] 127.0.0.1 /Index/Index/webmember.action?method=getsession
INFO: [ app_begin ] --START--
INFO: Run Behavior\ReadHtmlCacheBehavior [ RunTime:0.000611s ]
INFO: [ app_begin ] --END-- [ RunTime:0.001034s ]
ERR: 非法操作:webmember.action

[ 2015-05-05T21:19:57+08:00 ] 127.0.0.1 /Index/Index/webmember.action?method=getsession
INFO: [ app_begin ] --START--
INFO: Run Behavior\ReadHtmlCacheBehavior [ RunTime:0.000237s ]
INFO: [ app_begin ] --END-- [ RunTime:0.000437s ]
ERR: 非法操作:webmember.action

[ 2015-05-05T21:21:25+08:00 ] 127.0.0.1 /Index/Index/webmember.action?method=getsession
INFO: [ app_begin ] --START--
INFO: Run Behavior\ReadHtmlCacheBehavior [ RunTime:0.000278s ]
INFO: [ app_begin ] --END-- [ RunTime:0.000519s ]
ERR: 非法操作:webmember.action

[ 2015-05-05T21:43:13+08:00 ] 127.0.0.1 /Index/Index/webmember.action?method=getsession
INFO: [ app_begin ] --START--
INFO: Run Behavior\ReadHtmlCacheBehavior [ RunTime:0.000506s ]
INFO: [ app_begin ] --END-- [ RunTime:0.000997s ]
ERR: 非法操作:webmember.action

[ 2015-05-05T21:44:43+08:00 ] 127.0.0.1 /Index/Index/webmember.action?method=getsession
INFO: [ app_begin ] --START--
INFO: Run Behavior\ReadHtmlCacheBehavior [ RunTime:0.000491s ]
INFO: [ app_begin ] --END-- [ RunTime:0.000888s ]
ERR: 非法操作:webmember.action

[ 2015-05-05T21:49:29+08:00 ] 127.0.0.1 /Index/Index/webmember.action?method=getsession
INFO: [ app_begin ] --START--
INFO: Run Behavior\ReadHtmlCacheBehavior [ RunTime:0.000284s ]
INFO: [ app_begin ] --END-- [ RunTime:0.000528s ]
ERR: 非法操作:webmember.action

[ 2015-05-05T21:49:56+08:00 ] 127.0.0.1 /Index/Index/webmember.action?method=getsession
INFO: [ app_begin ] --START--
INFO: Run Behavior\ReadHtmlCacheBehavior [ RunTime:0.000307s ]
INFO: [ app_begin ] --END-- [ RunTime:0.000602s ]
ERR: 非法操作:webmember.action

[ 2015-05-05T21:50:25+08:00 ] 127.0.0.1 /Index/Index/webmember.action?method=getsession
INFO: [ app_begin ] --START--
INFO: Run Behavior\ReadHtmlCacheBehavior [ RunTime:0.000817s ]
INFO: [ app_begin ] --END-- [ RunTime:0.001493s ]
ERR: 非法操作:webmember.action

[ 2015-05-05T21:50:43+08:00 ] 127.0.0.1 /Index/Index/webmember.action?method=getsession
INFO: [ app_begin ] --START--
INFO: Run Behavior\ReadHtmlCacheBehavior [ RunTime:0.000245s ]
INFO: [ app_begin ] --END-- [ RunTime:0.000453s ]
ERR: 非法操作:webmember.action

[ 2015-05-05T21:52:00+08:00 ] 127.0.0.1 /Index/Index/webmember.action?method=getsession
INFO: [ app_begin ] --START--
INFO: Run Behavior\ReadHtmlCacheBehavior [ RunTime:0.000274s ]
INFO: [ app_begin ] --END-- [ RunTime:0.000489s ]
ERR: 非法操作:webmember.action

[ 2015-05-05T21:54:01+08:00 ] 127.0.0.1 /Index/Index/index
ERR: Think\Controller:assgin方法不存在！

[ 2015-05-05T21:55:55+08:00 ] 127.0.0.1 /Index/Index/webmember.action?method=getsession
INFO: [ app_begin ] --START--
INFO: Run Behavior\ReadHtmlCacheBehavior [ RunTime:0.000258s ]
INFO: [ app_begin ] --END-- [ RunTime:0.000480s ]
ERR: 非法操作:webmember.action

[ 2015-05-05T21:57:31+08:00 ] 127.0.0.1 /Index/Index/webmember.action?method=getsession
INFO: [ app_begin ] --START--
INFO: Run Behavior\ReadHtmlCacheBehavior [ RunTime:0.000412s ]
INFO: [ app_begin ] --END-- [ RunTime:0.000953s ]
ERR: 非法操作:webmember.action

[ 2015-05-05T21:57:47+08:00 ] 127.0.0.1 /Index/Index/webmember.action?method=getsession
INFO: [ app_begin ] --START--
INFO: Run Behavior\ReadHtmlCacheBehavior [ RunTime:0.000297s ]
INFO: [ app_begin ] --END-- [ RunTime:0.000554s ]
ERR: 非法操作:webmember.action

[ 2015-05-05T21:59:49+08:00 ] 127.0.0.1 /Index/Index/webmember.action?method=getsession
INFO: [ app_begin ] --START--
INFO: Run Behavior\ReadHtmlCacheBehavior [ RunTime:0.000257s ]
INFO: [ app_begin ] --END-- [ RunTime:0.000487s ]
ERR: 非法操作:webmember.action

[ 2015-05-05T22:02:55+08:00 ] 127.0.0.1 /Index/Index/webmember.action?method=getsession
INFO: [ app_begin ] --START--
INFO: Run Behavior\ReadHtmlCacheBehavior [ RunTime:0.000287s ]
INFO: [ app_begin ] --END-- [ RunTime:0.000499s ]
ERR: 非法操作:webmember.action

[ 2015-05-05T22:03:10+08:00 ] 127.0.0.1 /Index/Index/webmember.action?method=getsession
INFO: [ app_begin ] --START--
INFO: Run Behavior\ReadHtmlCacheBehavior [ RunTime:0.000280s ]
INFO: [ app_begin ] --END-- [ RunTime:0.000564s ]
ERR: 非法操作:webmember.action

[ 2015-05-05T22:03:18+08:00 ] 127.0.0.1 /Index/Index/webmember.action?method=getsession
INFO: [ app_begin ] --START--
INFO: Run Behavior\ReadHtmlCacheBehavior [ RunTime:0.000661s ]
INFO: [ app_begin ] --END-- [ RunTime:0.001247s ]
ERR: 非法操作:webmember.action

[ 2015-05-05T22:03:47+08:00 ] 127.0.0.1 /Index/Index/webmember.action?method=getsession
INFO: [ app_begin ] --START--
INFO: Run Behavior\ReadHtmlCacheBehavior [ RunTime:0.000272s ]
INFO: [ app_begin ] --END-- [ RunTime:0.000518s ]
ERR: 非法操作:webmember.action

[ 2015-05-05T22:04:06+08:00 ] 127.0.0.1 /Index/Index/webmember.action?method=getsession
INFO: [ app_begin ] --START--
INFO: Run Behavior\ReadHtmlCacheBehavior [ RunTime:0.000263s ]
INFO: [ app_begin ] --END-- [ RunTime:0.000509s ]
ERR: 非法操作:webmember.action

[ 2015-05-05T22:06:02+08:00 ] 127.0.0.1 /Index/Index/webmember.action?method=getsession
INFO: [ app_begin ] --START--
INFO: Run Behavior\ReadHtmlCacheBehavior [ RunTime:0.000322s ]
INFO: [ app_begin ] --END-- [ RunTime:0.000563s ]
ERR: 非法操作:webmember.action

[ 2015-05-05T22:06:35+08:00 ] 127.0.0.1 /Index/Index/webmember.action?method=getsession
INFO: [ app_begin ] --START--
INFO: Run Behavior\ReadHtmlCacheBehavior [ RunTime:0.000249s ]
INFO: [ app_begin ] --END-- [ RunTime:0.000466s ]
ERR: 非法操作:webmember.action

[ 2015-05-05T22:07:01+08:00 ] 127.0.0.1 /Index/Index/webmember.action?method=getsession
INFO: [ app_begin ] --START--
INFO: Run Behavior\ReadHtmlCacheBehavior [ RunTime:0.000312s ]
INFO: [ app_begin ] --END-- [ RunTime:0.000563s ]
ERR: 非法操作:webmember.action

[ 2015-05-05T22:07:03+08:00 ] 127.0.0.1 /Index/Index/webmember.action?method=getsession
INFO: [ app_begin ] --START--
INFO: Run Behavior\ReadHtmlCacheBehavior [ RunTime:0.000249s ]
INFO: [ app_begin ] --END-- [ RunTime:0.000461s ]
ERR: 非法操作:webmember.action

